<?xml version="1.0" encoding="UTF-8"?>
<testsuite name="com.example.project_livrable.Tests" tests="5" skipped="0" failures="0" errors="0" timestamp="2021-11-21T03:26:59" hostname="Tawfiqs-MacBook-Pro.local" time="0.025">
  <properties/>
  <testcase name="testPasswordValitiy" classname="com.example.project_livrable.Tests" time="0.02"/>
  <testcase name="testDocChampValidity" classname="com.example.project_livrable.Tests" time="0.001"/>
  <testcase name="testNameValidity" classname="com.example.project_livrable.Tests" time="0.0"/>
  <testcase name="testAddingServiceValidity" classname="com.example.project_livrable.Tests" time="0.004"/>
  <testcase name="testUserNameValidity" classname="com.example.project_livrable.Tests" time="0.0"/>
  <system-out><![CDATA[]]></system-out>
  <system-err><![CDATA[]]></system-err>
</testsuite>
